#
# A fatal error has been detected by the Java Runtime Environment:
#
#  SIGSEGV (0xb) at pc=0x00007fa21ae0ab5e, pid=4794, tid=140333681325840
#
# JRE version: 6.0_20-b02
# Java VM: Java HotSpot(TM) 64-Bit Server VM (16.3-b01 mixed mode linux-amd64 )
# Problematic frame:
# V  [libjvm.so+0x699b5e]
#
# If you would like to submit a bug report, please visit:
#   http://java.sun.com/webapps/bugreport/crash.jsp
#

---------------  T H R E A D  ---------------

Current thread (0x000000004230d800):  JavaThread "Thread-13" daemon [_thread_blocked, id=10028, stack(0x00007fa1fb29b000,0x00007fa1fb39c000)]

siginfo:si_signo=SIGSEGV: si_errno=0, si_code=1 (SEGV_MAPERR), si_addr=0x0000000000000031

Registers:
RAX=0x00000000420b0d00, RBX=0x000000004230d800, RCX=0x00007fa21b753eb5, RDX=0x00007fa202ed8710
RSP=0x00007fa1fb39a5d0, RBP=0x00007fa1fb39a630, RSI=0x000000004230d800, RDI=0x00000000422bb4e8
R8 =0x00007fa21b09bc08, R9 =0x0000000000000031, R10=0x00007fa1fb39a580, R11=0x0000000000000206
R12=0x00000000422bb4e8, R13=0x00000000000003e8, R14=0x00000000422bb530, R15=0x00007fa1fb39a5d0
RIP=0x00007fa21ae0ab5e, EFL=0x0000000000010206, CSGSFS=0x0000000000000033, ERR=0x0000000000000006
  TRAPNO=0x000000000000000e

Top of Stack: (sp=0x00007fa1fb39a5d0)
0x00007fa1fb39a5d0:   0000000000000000 0000000000000bad
0x00007fa1fb39a5e0:   000000004230d800 000000004230e000
0x00007fa1fb39a5f0:   0000000500000000 ffffff00ffffffff
0x00007fa1fb39a600:   ffffffff00001388 000000004230d800
0x00007fa1fb39a610:   00000000422bb4e8 00007fa21b082b81
0x00007fa1fb39a620:   00007fa21b08ff80 00000000422bb558
0x00007fa1fb39a630:   00007fa1fb39a6c0 00007fa21ae0b232
0x00007fa1fb39a640:   000000004230d800 00007fa202ed8710
0x00007fa1fb39a650:   000000004230e880 00007fa200000002
0x00007fa1fb39a660:   00007fa100000005 000000004230d800
0x00007fa1fb39a670:   00007fa1fb39a601 000000004230e6e0
0x00007fa1fb39a680:   00007fa1fb39a700 000000004230d800
0x00007fa1fb39a690:   0000000000000072 00007fa1fb39a798
0x00007fa1fb39a6a0:   0000000042313f28 000000004230d800
0x00007fa1fb39a6b0:   00007fa1fb39a800 000000004230d800
0x00007fa1fb39a6c0:   00007fa1fb39a6f0 00007fa21ae092bb
0x00007fa1fb39a6d0:   0000000000000003 0000000042313f28
0x00007fa1fb39a6e0:   000000004230d800 00007fa1fb39a798
0x00007fa1fb39a6f0:   00007fa1fb39a720 00007fa21ae091b4
0x00007fa1fb39a700:   0000000042313f30 000000004230d800
0x00007fa1fb39a710:   00007fa20e143bf8 00007fa1fb39a798
0x00007fa1fb39a720:   00007fa1fb39a780 00007fa21ab3ed4a
0x00007fa1fb39a730:   00007fa1fb39a858 0000000042313f28
0x00007fa1fb39a740:   000000004230d800 0000000042313f70
0x00007fa1fb39a750:   000000004230d800 0000000042313f90
0x00007fa1fb39a760:   00007fa100000167 00007fa2099a30a0
0x00007fa1fb39a770:   00007fa20a180528 00007fa2099a3058
0x00007fa1fb39a780:   00007fa1fb39a7e8 00007fa216561a61
0x00007fa1fb39a790:   00007fa216561a1f 0000000000000003
0x00007fa1fb39a7a0:   00007fa20e143bf8 00007fa1fb39a798
0x00007fa1fb39a7b0:   00007fa2099a3058 00007fa1fb39a800
0x00007fa1fb39a7c0:   00007fa2099acd90 0000000000000000 

Instructions: (pc=0x00007fa21ae0ab5e)
0x00007fa21ae0ab4e:   86 e1 39 00 49 8b 00 48 85 c0 74 07 4c 8b 48 28
0x00007fa21ae0ab5e:   49 ff 01 48 8d 15 58 10 29 00 8b 02 83 e0 01 84 

Stack: [0x00007fa1fb29b000,0x00007fa1fb39c000],  sp=0x00007fa1fb39a5d0,  free space=3fd0000000000000018k
Native frames: (J=compiled Java code, j=interpreted, Vv=VM code, C=native code)
V  [libjvm.so+0x699b5e]
V  [libjvm.so+0x69a232]
V  [libjvm.so+0x6982bb]
V  [libjvm.so+0x6981b4]
V  [libjvm.so+0x3cdd4a]
j  loader.destroy()V+0
j  bs.a(ZB)V+71
j  bs.run()V+457
j  java.lang.Thread.run()V+11
v  ~StubRoutines::call_stub
V  [libjvm.so+0x3d66cd]
V  [libjvm.so+0x5d9ea9]
V  [libjvm.so+0x3d5f99]
V  [libjvm.so+0x3d604b]
V  [libjvm.so+0x465657]
V  [libjvm.so+0x6cd3d2]
V  [libjvm.so+0x5db02f]

Java frames: (J=compiled Java code, j=interpreted, Vv=VM code)
j  loader.destroy()V+0
j  bs.a(ZB)V+71
j  bs.run()V+457
j  java.lang.Thread.run()V+11
v  ~StubRoutines::call_stub

---------------  P R O C E S S  ---------------

Java Threads: ( => current thread )
  0x00007fa1fc0da000 JavaThread "Java Sound Event Dispatcher" daemon [_thread_blocked, id=10702, stack(0x00007fa200109000,0x00007fa20020a000)]
  0x0000000042394000 JavaThread "Thread-14" daemon [_thread_blocked, id=10035, stack(0x00007fa200008000,0x00007fa200109000)]
=>0x000000004230d800 JavaThread "Thread-13" daemon [_thread_blocked, id=10028, stack(0x00007fa1fb29b000,0x00007fa1fb39c000)]
  0x00007fa1fc05d000 JavaThread "Thread-12" daemon [_thread_blocked, id=10027, stack(0x00007fa1fb39c000,0x00007fa1fb49d000)]
  0x00007fa1fc123000 JavaThread "Thread-11" daemon [_thread_blocked, id=9655, stack(0x00007fa2011aa000,0x00007fa2012ab000)]
  0x00007fa1fc059800 JavaThread "thread applet-loader.class-1" [_thread_blocked, id=5400, stack(0x00007fa202dd9000,0x00007fa202eda000)]
  0x00007fa1fc052800 JavaThread "AWT-EventQueue-2" [_thread_blocked, id=5395, stack(0x00007fa200626000,0x00007fa200727000)]
  0x0000000042242000 JavaThread "AWT-EventQueue-1" [_thread_blocked, id=5394, stack(0x00007fa200727000,0x00007fa200828000)]
  0x0000000042246000 JavaThread "AWT-Shutdown" [_thread_blocked, id=5393, stack(0x00007fa200828000,0x00007fa200929000)]
  0x00007fa1fc051800 JavaThread "AWT-XAWT" daemon [_thread_blocked, id=5392, stack(0x00007fa200c47000,0x00007fa200d48000)]
  0x00007fa204106000 JavaThread "Applet 1 LiveConnect Worker Thread" [_thread_blocked, id=5390, stack(0x00007fa201954000,0x00007fa201a55000)]
  0x00007fa204195800 JavaThread "Browser Side Object Cleanup Thread" [_thread_blocked, id=5385, stack(0x00007fa2015ae000,0x00007fa2016af000)]
  0x00007fa20417d800 JavaThread "CacheCleanUpThread" daemon [_thread_blocked, id=5377, stack(0x00007fa2012ab000,0x00007fa2013ac000)]
  0x00007fa2041cb000 JavaThread "CacheMemoryCleanUpThread" daemon [_thread_blocked, id=5376, stack(0x00007fa2013ac000,0x00007fa2014ad000)]
  0x0000000042201800 JavaThread "Java2D Disposer" daemon [_thread_blocked, id=5371, stack(0x00007fa2014ad000,0x00007fa2015ae000)]
  0x00007fa204109000 JavaThread "Java Plug-In Heartbeat Thread" [_thread_blocked, id=5367, stack(0x00007fa201853000,0x00007fa201954000)]
  0x00007fa2040de000 JavaThread "Java Plug-In Pipe Worker Thread (Client-Side)" daemon [_thread_in_native, id=5267, stack(0x00007fa202cd8000,0x00007fa202dd9000)]
  0x00007fa2040d9000 JavaThread "Timer-0" [_thread_blocked, id=5206, stack(0x00007fa202eda000,0x00007fa202fdb000)]
  0x00007fa2040c5000 JavaThread "traceMsgQueueThread" daemon [_thread_blocked, id=5077, stack(0x00007fa202fdb000,0x00007fa2030dc000)]
  0x00007fa20406f000 JavaThread "Low Memory Detector" daemon [_thread_blocked, id=4973, stack(0x00007fa203524000,0x00007fa203625000)]
  0x00007fa20406c800 JavaThread "CompilerThread1" daemon [_thread_blocked, id=4972, stack(0x00007fa203625000,0x00007fa203726000)]
  0x00007fa204069800 JavaThread "CompilerThread0" daemon [_thread_blocked, id=4971, stack(0x00007fa203726000,0x00007fa203827000)]
  0x00007fa204067800 JavaThread "Signal Dispatcher" daemon [_thread_blocked, id=4970, stack(0x00007fa203827000,0x00007fa203928000)]
  0x00007fa204048800 JavaThread "Finalizer" daemon [_thread_blocked, id=4920, stack(0x00007fa203bfc000,0x00007fa203cfd000)]
  0x00007fa204046800 JavaThread "Reference Handler" daemon [_thread_blocked, id=4919, stack(0x00007fa203cfd000,0x00007fa203dfe000)]
  0x00000000420af000 JavaThread "main" [_thread_blocked, id=4883, stack(0x00007fa21a3ef000,0x00007fa21a4f0000)]

Other Threads:
  0x00007fa204042000 VMThread [stack: 0x00007fa203dfe000,0x00007fa203eff000] [id=4912]

VM state:at safepoint (shutting down)

VM Mutex/Monitor currently owned by a thread:  ([mutex/lock_event])
[0x00000000420abd50] Threads_lock - owner thread: 0x00007fa204042000

Heap
 PSYoungGen      total 28480K, used 26711K [0x00007fa2137f0000, 0x00007fa2162c0000, 0x00007fa216490000)
  eden space 13312K, 96% used [0x00007fa2137f0000,0x00007fa2144807b0,0x00007fa2144f0000)
  from space 15168K, 91% used [0x00007fa2153d0000,0x00007fa216155730,0x00007fa2162a0000)
  to   space 15232K, 0% used [0x00007fa2144f0000,0x00007fa2144f0000,0x00007fa2153d0000)
 PSOldGen        total 83200K, used 33970K [0x00007fa20de90000, 0x00007fa212fd0000, 0x00007fa2137f0000)
  object space 83200K, 40% used [0x00007fa20de90000,0x00007fa20ffbca58,0x00007fa212fd0000)
 PSPermGen       total 32832K, used 26389K [0x00007fa208a90000, 0x00007fa20aaa0000, 0x00007fa20de90000)
  object space 32832K, 80% used [0x00007fa208a90000,0x00007fa20a455410,0x00007fa20aaa0000)

Dynamic libraries:
40000000-40009000 r-xp 00000000 08:13 40128379                           /opt/sun-jdk-1.6.0.20/jre/bin/java
40108000-4010a000 rwxp 00008000 08:13 40128379                           /opt/sun-jdk-1.6.0.20/jre/bin/java
40224000-40283000 rwxp 00000000 00:11 1158                               /dev/zero
420a6000-455e4000 rwxp 00000000 00:00 0                                  [heap]
7fa1e0000000-7fa1e02c0000 rwxp 00000000 00:00 0 
7fa1e02c0000-7fa1e4000000 ---p 00000000 00:00 0 
7fa1e8000000-7fa1eb28d000 rwxp 00000000 00:00 0 
7fa1eb28d000-7fa1ec000000 ---p 00000000 00:00 0 
7fa1ef4f4000-7fa1ef4f7000 ---p 00000000 00:00 0 
7fa1ef4f7000-7fa1f81f6000 rwxp 00000000 00:00 0 
7fa1f81f6000-7fa1f81fd000 r-xs 00000000 08:13 31326378                   /usr/lib64/gconv/gconv-modules.cache
7fa1f81fd000-7fa1f83fd000 rwxs 1c691000 00:11 5718                       /dev/nvidia0
7fa1f83fd000-7fa1f84fd000 rwxs a8c4d000 00:11 5718                       /dev/nvidia0
7fa1f84fd000-7fa1f84fe000 r-xp 00000000 08:13 20496401                   /usr/lib64/opengl/nvidia/lib/libnvidia-tls.so.195.36.24
7fa1f84fe000-7fa1f85fe000 ---p 00001000 08:13 20496401                   /usr/lib64/opengl/nvidia/lib/libnvidia-tls.so.195.36.24
7fa1f85fe000-7fa1f85ff000 rwxp 00001000 08:13 20496401                   /usr/lib64/opengl/nvidia/lib/libnvidia-tls.so.195.36.24
7fa1f85ff000-7fa1f9a57000 r-xp 00000000 08:13 20496397                   /usr/lib64/opengl/nvidia/lib/libGLcore.so.195.36.24
7fa1f9a57000-7fa1f9b56000 ---p 01458000 08:13 20496397                   /usr/lib64/opengl/nvidia/lib/libGLcore.so.195.36.24
7fa1f9b56000-7fa1fa280000 rwxp 01457000 08:13 20496397                   /usr/lib64/opengl/nvidia/lib/libGLcore.so.195.36.24
7fa1fa280000-7fa1fa295000 rwxp 00000000 00:00 0 
7fa1fa295000-7fa1fa296000 r-xp 00000000 08:13 40127314                   /opt/sun-jdk-1.6.0.20/jre/lib/amd64/libjawt.so
7fa1fa296000-7fa1fa395000 ---p 00001000 08:13 40127314                   /opt/sun-jdk-1.6.0.20/jre/lib/amd64/libjawt.so
7fa1fa395000-7fa1fa396000 rwxp 00000000 08:13 40127314                   /opt/sun-jdk-1.6.0.20/jre/lib/amd64/libjawt.so
7fa1fa396000-7fa1fa440000 r-xp 00000000 08:13 20496392                   /usr/lib64/opengl/nvidia/lib/libGL.so.195.36.24
7fa1fa440000-7fa1fa53f000 ---p 000aa000 08:13 20496392                   /usr/lib64/opengl/nvidia/lib/libGL.so.195.36.24
7fa1fa53f000-7fa1fa580000 rwxp 000a9000 08:13 20496392                   /usr/lib64/opengl/nvidia/lib/libGL.so.195.36.24
7fa1fa580000-7fa1fa595000 rwxp 00000000 00:00 0 
7fa1fa595000-7fa1fa5a3000 r-xp 00000000 08:13 10800185                   /home/lepagee/.jagex_cache_32/runescape/libjaggl.so
7fa1fa5a3000-7fa1fa7a2000 ---p 0000e000 08:13 10800185                   /home/lepagee/.jagex_cache_32/runescape/libjaggl.so
7fa1fa7a2000-7fa1fa7a3000 r-xp 0000d000 08:13 10800185                   /home/lepagee/.jagex_cache_32/runescape/libjaggl.so
7fa1fa7a3000-7fa1fa7a4000 rwxp 0000e000 08:13 10800185                   /home/lepagee/.jagex_cache_32/runescape/libjaggl.so
7fa1fa7a4000-7fa1fa7ba000 r-xp 00000000 08:13 9683205                    /lib64/libgcc_s.so.1
7fa1fa7ba000-7fa1fa9b9000 ---p 00016000 08:13 9683205                    /lib64/libgcc_s.so.1
7fa1fa9b9000-7fa1fa9ba000 r-xp 00015000 08:13 9683205                    /lib64/libgcc_s.so.1
7fa1fa9ba000-7fa1fa9bb000 rwxp 00016000 08:13 9683205                    /lib64/libgcc_s.so.1
7fa1fa9bb000-7fa1faab0000 r-xp 00000000 08:13 23266401                   /usr/lib64/gcc/x86_64-pc-linux-gnu/4.4.4/libstdc++.so.6.0.13
7fa1faab0000-7fa1facb0000 ---p 000f5000 08:13 23266401                   /usr/lib64/gcc/x86_64-pc-linux-gnu/4.4.4/libstdc++.so.6.0.13
7fa1facb0000-7fa1facb7000 r-xp 000f5000 08:13 23266401                   /usr/lib64/gcc/x86_64-pc-linux-gnu/4.4.4/libstdc++.so.6.0.13
7fa1facb7000-7fa1facb9000 rwxp 000fc000 08:13 23266401                   /usr/lib64/gcc/x86_64-pc-linux-gnu/4.4.4/libstdc++.so.6.0.13
7fa1facb9000-7fa1facce000 rwxp 00000000 00:00 0 
7fa1facce000-7fa1facd4000 r-xp 00000000 08:13 40648757                   /home/lepagee/.jagex_cache_32/runescape/libjaclib.so
7fa1facd4000-7fa1faed3000 ---p 00006000 08:13 40648757                   /home/lepagee/.jagex_cache_32/runescape/libjaclib.so
7fa1faed3000-7fa1faed4000 r-xp 00005000 08:13 40648757                   /home/lepagee/.jagex_cache_32/runescape/libjaclib.so
7fa1faed4000-7fa1faed5000 rwxp 00006000 08:13 40648757                   /home/lepagee/.jagex_cache_32/runescape/libjaclib.so
7fa1faed5000-7fa1faf84000 r-xp 00000000 08:13 40881927                   /usr/lib64/libasound.so.2.0.0
7fa1faf84000-7fa1fb184000 ---p 000af000 08:13 40881927                   /usr/lib64/libasound.so.2.0.0
7fa1fb184000-7fa1fb189000 r-xp 000af000 08:13 40881927                   /usr/lib64/libasound.so.2.0.0
7fa1fb189000-7fa1fb18b000 rwxp 000b4000 08:13 40881927                   /usr/lib64/libasound.so.2.0.0
7fa1fb18b000-7fa1fb199000 r-xp 00000000 08:13 40127306                   /opt/sun-jdk-1.6.0.20/jre/lib/amd64/libjsoundalsa.so
7fa1fb199000-7fa1fb298000 ---p 0000e000 08:13 40127306                   /opt/sun-jdk-1.6.0.20/jre/lib/amd64/libjsoundalsa.so
7fa1fb298000-7fa1fb29b000 rwxp 0000d000 08:13 40127306                   /opt/sun-jdk-1.6.0.20/jre/lib/amd64/libjsoundalsa.so
7fa1fb29b000-7fa1fb29e000 ---p 00000000 00:00 0 
7fa1fb29e000-7fa1fb39c000 rwxp 00000000 00:00 0                          [threadstack:000fcff0]
7fa1fb39c000-7fa1fb39f000 ---p 00000000 00:00 0 
7fa1fb39f000-7fa1fb49d000 rwxp 00000000 00:00 0 
7fa1fb49d000-7fa1fb4b4000 r-xp 00000000 08:13 40127307                   /opt/sun-jdk-1.6.0.20/jre/lib/amd64/libunpack.so
7fa1fb4b4000-7fa1fb5b3000 ---p 00017000 08:13 40127307                   /opt/sun-jdk-1.6.0.20/jre/lib/amd64/libunpack.so
7fa1fb5b3000-7fa1fb5b8000 rwxp 00016000 08:13 40127307                   /opt/sun-jdk-1.6.0.20/jre/lib/amd64/libunpack.so
7fa1fb5b8000-7fa1fb5c9000 rwxp 00000000 00:00 0 
7fa1fb5c9000-7fa1fb5d0000 r-xs 00111000 08:13 40128300                   /opt/sun-jdk-1.6.0.20/jre/lib/resources.jar
7fa1fb5d0000-7fa1fbb0c000 rwxs 00000000 00:04 160333857                  /SYSV00000000 (deleted)
7fa1fbb16000-7fa1fbb96000 rwxs 05a72000 00:11 5718                       /dev/nvidia0
7fa1fbb96000-7fa1fbbc2000 r-xp 00000000 08:13 40127295                   /opt/sun-jdk-1.6.0.20/jre/lib/amd64/libjsound.so
7fa1fbbc2000-7fa1fbcc2000 ---p 0002c000 08:13 40127295                   /opt/sun-jdk-1.6.0.20/jre/lib/amd64/libjsound.so
7fa1fbcc2000-7fa1fbcca000 rwxp 0002c000 08:13 40127295                   /opt/sun-jdk-1.6.0.20/jre/lib/amd64/libjsound.so
7fa1fbcca000-7fa1fbccc000 rwxp 00000000 00:00 0 
7fa1fbccc000-7fa1fbcf8000 r-xp 00000000 08:13 40127318                   /opt/sun-jdk-1.6.0.20/jre/lib/amd64/libjpeg.so
7fa1fbcf8000-7fa1fbdf8000 ---p 0002c000 08:13 40127318                   /opt/sun-jdk-1.6.0.20/jre/lib/amd64/libjpeg.so
7fa1fbdf8000-7fa1fbdfe000 rwxp 0002c000 08:13 40127318                   /opt/sun-jdk-1.6.0.20/jre/lib/amd64/libjpeg.so
7fa1fbdfe000-7fa1fbe01000 ---p 00000000 00:00 0 
7fa1fbe01000-7fa1fbeff000 rwxp 00000000 00:00 0 
7fa1fbeff000-7fa1fbf02000 ---p 00000000 00:00 0 
7fa1fbf02000-7fa1fc000000 rwxp 00000000 00:00 0 
7fa1fc000000-7fa1fff91000 rwxp 00000000 00:00 0 
7fa1fff91000-7fa200000000 ---p 00000000 00:00 0 
7fa200008000-7fa20000b000 ---p 00000000 00:00 0 
7fa20000b000-7fa200109000 rwxp 00000000 00:00 0 
7fa200109000-7fa20010c000 ---p 00000000 00:00 0 
7fa20010c000-7fa20020a000 rwxp 00000000 00:00 0 
7fa20020a000-7fa20021d000 r-xp 00000000 08:13 35422273                   /lib64/libresolv-2.11.2.so
7fa20021d000-7fa20041c000 ---p 00013000 08:13 35422273                   /lib64/libresolv-2.11.2.so
7fa20041c000-7fa20041d000 r-xp 00012000 08:13 35422273                   /lib64/libresolv-2.11.2.so
7fa20041d000-7fa20041e000 rwxp 00013000 08:13 35422273                   /lib64/libresolv-2.11.2.so
7fa20041e000-7fa200420000 rwxp 00000000 00:00 0 
7fa200420000-7fa200425000 r-xp 00000000 08:13 35422277                   /lib64/libnss_dns-2.11.2.so
7fa200425000-7fa200624000 ---p 00005000 08:13 35422277                   /lib64/libnss_dns-2.11.2.so
7fa200624000-7fa200625000 r-xp 00004000 08:13 35422277                   /lib64/libnss_dns-2.11.2.so
7fa200625000-7fa200626000 rwxp 00005000 08:13 35422277                   /lib64/libnss_dns-2.11.2.so
7fa200626000-7fa200629000 ---p 00000000 00:00 0 
7fa200629000-7fa200727000 rwxp 00000000 00:00 0 
7fa200727000-7fa20072a000 ---p 00000000 00:00 0 
7fa20072a000-7fa200828000 rwxp 00000000 00:00 0 
7fa200828000-7fa20082b000 ---p 00000000 00:00 0 
7fa20082b000-7fa200929000 rwxp 00000000 00:00 0 
7fa200929000-7fa20092d000 r-xp 00000000 08:13 40160352                   /usr/lib64/libXfixes.so.3.1.0
7fa20092d000-7fa200b2d000 ---p 00004000 08:13 40160352                   /usr/lib64/libXfixes.so.3.1.0
7fa200b2d000-7fa200b2e000 r-xp 00004000 08:13 40160352                   /usr/lib64/libXfixes.so.3.1.0
7fa200b2e000-7fa200b2f000 rwxp 00005000 08:13 40160352                   /usr/lib64/libXfixes.so.3.1.0
7fa200b2f000-7fa200b38000 r-xs 00000000 08:13 40321180                   /var/cache/fontconfig/87f5e051180a7a75f16eb6fe7dbd3749-le64.cache-3
7fa200b38000-7fa200b39000 r-xs 00000000 08:13 40321229                   /var/cache/fontconfig/faff42310472fb2cfa127a4b0caa8647-le64.cache-3
7fa200b39000-7fa200b3c000 r-xs 00000000 08:13 40321228                   /var/cache/fontconfig/7998293451e4b7352c3495b870377734-le64.cache-3
7fa200b3c000-7fa200b45000 r-xs 00000000 08:13 40321226                   /var/cache/fontconfig/acc285bc1956c3c4bc7afb41d537a85a-le64.cache-3
7fa200b45000-7fa200b48000 r-xs 00000000 08:13 40321225                   /var/cache/fontconfig/76fa4b957c916922374347f144bde9da-le64.cache-3
7fa200b48000-7fa200b5e000 r-xs 00000000 08:13 40321207                   /var/cache/fontconfig/8d4af663993b81a124ee82e610bb31f9-le64.cache-3
7fa200b5e000-7fa200b67000 r-xs 00000000 08:13 40321181                   /var/cache/fontconfig/12b26b760a24f8b4feb03ad48a333a72-le64.cache-3
7fa200b67000-7fa200bc4000 r-xs 00000000 08:13 40321167                   /var/cache/fontconfig/17090aa38d5c6f09fb8c5c354938f1d7-le64.cache-3
7fa200c03000-7fa200c07000 rwxs 6f4e0000 00:11 5718                       /dev/nvidia0
7fa200c07000-7fa200c47000 rwxs 45f7a000 00:11 5718                       /dev/nvidia0
7fa200c47000-7fa200c4a000 ---p 00000000 00:00 0 
7fa200c4a000-7fa200d48000 rwxp 00000000 00:00 0 
7fa200d48000-7fa200d50000 r-xp 00000000 08:13 40174515                   /usr/lib64/libXrender.so.1.3.0
7fa200d50000-7fa200f4f000 ---p 00008000 08:13 40174515                   /usr/lib64/libXrender.so.1.3.0
7fa200f4f000-7fa200f50000 r-xp 00007000 08:13 40174515                   /usr/lib64/libXrender.so.1.3.0
7fa200f50000-7fa200f51000 rwxp 00008000 08:13 40174515                   /usr/lib64/libXrender.so.1.3.0
7fa200f51000-7fa200f59000 r-xp 00000000 08:13 40880595                   /usr/lib64/libXcursor.so.1.0.2
7fa200f59000-7fa201158000 ---p 00008000 08:13 40880595                   /usr/lib64/libXcursor.so.1.0.2
7fa201158000-7fa201159000 r-xp 00007000 08:13 40880595                   /usr/lib64/libXcursor.so.1.0.2
7fa201159000-7fa20115a000 rwxp 00008000 08:13 40880595                   /usr/lib64/libXcursor.so.1.0.2
7fa20115a000-7fa20115e000 rwxs 45ec6000 00:11 5718                       /dev/nvidia0
7fa20115e000-7fa20115f000 rwxs b0002000 00:11 5718                       /dev/nvidia0
7fa20115f000-7fa201160000 rwxs 45f6a000 00:11 5718                       /dev/nvidia0
7fa201160000-7fa201164000 rwxs 91717000 00:11 5718                       /dev/nvidia0
7fa201164000-7fa201165000 rwxs a8c10000 00:11 5718                       /dev/nvidia0
7fa201165000-7fa201166000 rwxs ccc06000 00:11 5718                       /dev/nvidia0
7fa201186000-7fa201187000 rwxs cc642000 00:11 5718                       /dev/nvidia0
7fa201187000-7fa201188000 rwxs 14ac3a000 00:11 5718                      /dev/nvidia0
7fa201188000-7fa201189000 rwxs cc641000 00:11 5718                       /dev/nvidia0
7fa201189000-7fa2011aa000 rwxs 00000000 00:04 55279616                   /SYSV00000000 (deleted)
7fa2011aa000-7fa2011ad000 ---p 00000000 00:00 0 
7fa2011ad000-7fa2012ab000 rwxp 00000000 00:00 0 
7fa2012ab000-7fa2012ae000 ---p 00000000 00:00 0 
7fa2012ae000-7fa2013ac000 rwxp 00000000 00:00 0 
7fa2013ac000-7fa2013af000 ---p 00000000 00:00 0 
7fa2013af000-7fa2014ad000 rwxp 00000000 00:00 0 
7fa2014ad000-7fa2014b0000 ---p 00000000 00:00 0 
7fa2014b0000-7fa2015ae000 rwxp 00000000 00:00 0 
7fa2015ae000-7fa2015b1000 ---p 00000000 00:00 0 
7fa2015b1000-7fa2016af000 rwxp 00000000 00:00 0 
7fa2016af000-7fa20172d000 r-xp 00000000 08:13 40127298                   /opt/sun-jdk-1.6.0.20/jre/lib/amd64/libfontmanager.so
7fa20172d000-7fa20182c000 ---p 0007e000 08:13 40127298                   /opt/sun-jdk-1.6.0.20/jre/lib/amd64/libfontmanager.so
7fa20182c000-7fa201842000 rwxp 0007d000 08:13 40127298                   /opt/sun-jdk-1.6.0.20/jre/lib/amd64/libfontmanager.so
7fa201842000-7fa201853000 rwxp 00000000 00:00 0 
7fa201853000-7fa201856000 ---p 00000000 00:00 0 
7fa201856000-7fa201954000 rwxp 00000000 00:00 0 
7fa201954000-7fa201957000 ---p 00000000 00:00 0 
7fa201957000-7fa201a55000 rwxp 00000000 00:00 0 
7fa201a55000-7fa201a5a000 r-xp 00000000 08:13 4375365                    /usr/lib64/libXdmcp.so.6.0.0
7fa201a5a000-7fa201c59000 ---p 00005000 08:13 4375365                    /usr/lib64/libXdmcp.so.6.0.0
7fa201c59000-7fa201c5a000 r-xp 00004000 08:13 4375365                    /usr/lib64/libXdmcp.so.6.0.0
7fa201c5a000-7fa201c5b000 rwxp 00005000 08:13 4375365                    /usr/lib64/libXdmcp.so.6.0.0
7fa201c5b000-7fa201c5d000 r-xp 00000000 08:13 4407886                    /usr/lib64/libXau.so.6.0.0
7fa201c5d000-7fa201e5c000 ---p 00002000 08:13 4407886                    /usr/lib64/libXau.so.6.0.0
7fa201e5c000-7fa201e5d000 r-xp 00001000 08:13 4407886                    /usr/lib64/libXau.so.6.0.0
7fa201e5d000-7fa201e5e000 rwxp 00002000 08:13 4407886                    /usr/lib64/libXau.so.6.0.0
7fa201e5e000-7fa201e78000 r-xp 00000000 08:13 40882704                   /usr/lib64/libxcb.so.1.1.0
7fa201e78000-7fa202077000 ---p 0001a000 08:13 40882704                   /usr/lib64/libxcb.so.1.1.0
7fa202077000-7fa202078000 r-xp 00019000 08:13 40882704                   /usr/lib64/libxcb.so.1.1.0
7fa202078000-7fa202079000 rwxp 0001a000 08:13 40882704                   /usr/lib64/libxcb.so.1.1.0
7fa202079000-7fa202085000 r-xp 00000000 08:13 15040909                   /usr/lib64/libXi.so.6.1.0
7fa202085000-7fa202285000 ---p 0000c000 08:13 15040909                   /usr/lib64/libXi.so.6.1.0
7fa202285000-7fa202286000 r-xp 0000c000 08:13 15040909                   /usr/lib64/libXi.so.6.1.0
7fa202286000-7fa202287000 rwxp 0000d000 08:13 15040909                   /usr/lib64/libXi.so.6.1.0
7fa202287000-7fa20228c000 r-xp 00000000 08:13 40880164                   /usr/lib64/libXtst.so.6.1.0
7fa20228c000-7fa20248b000 ---p 00005000 08:13 40880164                   /usr/lib64/libXtst.so.6.1.0
7fa20248b000-7fa20248c000 r-xp 00004000 08:13 40880164                   /usr/lib64/libXtst.so.6.1.0
7fa20248c000-7fa20248d000 rwxp 00005000 08:13 40880164                   /usr/lib64/libXtst.so.6.1.0
7fa20248d000-7fa2025a5000 r-xp 00000000 08:13 5751179                    /usr/lib64/libX11.so.6.3.0
7fa2025a5000-7fa2027a5000 ---p 00118000 08:13 5751179                    /usr/lib64/libX11.so.6.3.0
7fa2027a5000-7fa2027a6000 r-xp 00118000 08:13 5751179                    /usr/lib64/libX11.so.6.3.0
7fa2027a6000-7fa2027ab000 rwxp 00119000 08:13 5751179                    /usr/lib64/libX11.so.6.3.0
7fa2027ab000-7fa2027ba000 r-xp 00000000 08:13 41779220                   /usr/lib64/libXext.so.6.4.0
7fa2027ba000-7fa2029b9000 ---p 0000f000 08:13 41779220                   /usr/lib64/libXext.so.6.4.0
7fa2029b9000-7fa2029ba000 r-xp 0000e000 08:13 41779220                   /usr/lib64/libXext.so.6.4.0
7fa2029ba000-7fa2029bb000 rwxp 0000f000 08:13 41779220                   /usr/lib64/libXext.so.6.4.0
7fa2029bb000-7fa2029fd000 r-xp 00000000 08:13 40127304                   /opt/sun-jdk-1.6.0.20/jre/lib/amd64/xawt/libmawt.so
7fa2029fd000-7fa202afc000 ---p 00042000 08:13 40127304                   /opt/sun-jdk-1.6.0.20/jre/lib/amd64/xawt/libmawt.so
7fa202afc000-7fa202b07000 rwxp 00041000 08:13 40127304                   /opt/sun-jdk-1.6.0.20/jre/lib/amd64/xawt/libmawt.so
7fa202b07000-7fa202b09000 rwxp 00000000 00:00 0 
7fa202b09000-7fa202b9b000 r-xp 00000000 08:13 40127270                   /opt/sun-jdk-1.6.0.20/jre/lib/amd64/libawt.so
7fa202b9b000-7fa202c9a000 ---p 00092000 08:13 40127270                   /opt/sun-jdk-1.6.0.20/jre/lib/amd64/libawt.so
7fa202c9a000-7fa202cb3000 rwxp 00091000 08:13 40127270                   /opt/sun-jdk-1.6.0.20/jre/lib/amd64/libawt.so
7fa202cb3000-7fa202cd8000 rwxp 00000000 00:00 0 
7fa202cd8000-7fa202cdb000 ---p 00000000 00:00 0 
7fa202cdb000-7fa202dd9000 rwxp 00000000 00:00 0 
7fa202dd9000-7fa202ddc000 ---p 00000000 00:00 0 
7fa202ddc000-7fa202eda000 rwxp 00000000 00:00 0 
7fa202eda000-7fa202edd000 ---p 00000000 00:00 0 
7fa202edd000-7fa202fdb000 rwxp 00000000 00:00 0 
7fa202fdb000-7fa202fde000 ---p 00000000 00:00 0 
7fa202fde000-7fa2030dc000 rwxp 00000000 00:00 0 
7fa2030dc000-7fa2030e3000 r-xp 00000000 08:13 40127299                   /opt/sun-jdk-1.6.0.20/jre/lib/amd64/libnio.so
7fa2030e3000-7fa2031e2000 ---p 00007000 08:13 40127299                   /opt/sun-jdk-1.6.0.20/jre/lib/amd64/libnio.so
7fa2031e2000-7fa2031e4000 rwxp 00006000 08:13 40127299                   /opt/sun-jdk-1.6.0.20/jre/lib/amd64/libnio.so
7fa2031e4000-7fa2031f7000 r-xp 00000000 08:13 40127323                   /opt/sun-jdk-1.6.0.20/jre/lib/amd64/libnet.so
7fa2031f7000-7fa2032f8000 ---p 00013000 08:13 40127323                   /opt/sun-jdk-1.6.0.20/jre/lib/amd64/libnet.so
7fa2032f8000-7fa2032fb000 rwxp 00014000 08:13 40127323                   /opt/sun-jdk-1.6.0.20/jre/lib/amd64/libnet.so
7fa2032fb000-7fa20330e000 r-xp 00000000 08:13 40127274                   /opt/sun-jdk-1.6.0.20/jre/lib/amd64/libdeploy.so
7fa20330e000-7fa20340f000 ---p 00013000 08:13 40127274                   /opt/sun-jdk-1.6.0.20/jre/lib/amd64/libdeploy.so
7fa20340f000-7fa203413000 rwxp 00014000 08:13 40127274                   /opt/sun-jdk-1.6.0.20/jre/lib/amd64/libdeploy.so
7fa203413000-7fa203423000 rwxp 00000000 00:00 0 
7fa203423000-7fa203424000 ---p 00000000 00:00 0 
7fa203424000-7fa203524000 rwxp 00000000 00:00 0 
7fa203524000-7fa203527000 ---p 00000000 00:00 0 
7fa203527000-7fa203625000 rwxp 00000000 00:00 0 
7fa203625000-7fa203628000 ---p 00000000 00:00 0 
7fa203628000-7fa203726000 rwxp 00000000 00:00 0 
7fa203726000-7fa203729000 ---p 00000000 00:00 0 
7fa203729000-7fa203827000 rwxp 00000000 00:00 0 
7fa203827000-7fa20382a000 ---p 00000000 00:00 0 
7fa20382a000-7fa203928000 rwxp 00000000 00:00 0 
7fa203928000-7fa203bfc000 r-xp 00000000 08:13 31309878                   /usr/lib64/locale/locale-archive
7fa203bfc000-7fa203bff000 ---p 00000000 00:00 0 
7fa203bff000-7fa203cfd000 rwxp 00000000 00:00 0 
7fa203cfd000-7fa203d00000 ---p 00000000 00:00 0 
7fa203d00000-7fa203dfe000 rwxp 00000000 00:00 0 
7fa203dfe000-7fa203dff000 ---p 00000000 00:00 0 
7fa203dff000-7fa204000000 rwxp 00000000 00:00 0 
7fa204000000-7fa207ff9000 rwxp 00000000 00:00 0 
7fa207ff9000-7fa208000000 ---p 00000000 00:00 0 
7fa208000000-7fa208019000 r-xs 00000000 08:13 40321172                   /var/cache/fontconfig/4b5cf4386f1cde02a336ba961b4ac82d-le64.cache-3
7fa208019000-7fa208020000 r-xs 00000000 08:13 40321171                   /var/cache/fontconfig/d62e99ef547d1d24cdb1bd22ec1a2976-le64.cache-3
7fa208020000-7fa20807d000 r-xs 00000000 08:13 40321164                   /var/cache/fontconfig/df311e82a1a24c41a75c2c930223552e-le64.cache-3
7fa20807d000-7fa20808e000 r-xs 001a7000 08:13 40127209                   /opt/sun-jdk-1.6.0.20/jre/lib/plugin.jar
7fa20808e000-7fa208097000 r-xs 000d4000 08:13 40127156                   /opt/sun-jdk-1.6.0.20/jre/lib/javaws.jar
7fa208097000-7fa2084ce000 rwxp 00000000 00:00 0 
7fa2084ce000-7fa208664000 r-xs 02fd0000 08:13 40128318                   /opt/sun-jdk-1.6.0.20/jre/lib/rt.jar
7fa208664000-7fa20868c000 rwxp 00000000 00:00 0 
7fa20868c000-7fa20868d000 ---p 00000000 00:00 0 
7fa20868d000-7fa20878d000 rwxp 00000000 00:00 0 
7fa20878d000-7fa20878e000 ---p 00000000 00:00 0 
7fa20878e000-7fa20888e000 rwxp 00000000 00:00 0 
7fa20888e000-7fa20888f000 ---p 00000000 00:00 0 
7fa20888f000-7fa20898f000 rwxp 00000000 00:00 0 
7fa20898f000-7fa208990000 ---p 00000000 00:00 0 
7fa208990000-7fa20aaa0000 rwxp 00000000 00:00 0 
7fa20aaa0000-7fa20b810000 ---p 00000000 00:00 0 
7fa20b810000-7fa20de90000 rwxp 00000000 00:00 0 
7fa20de90000-7fa212fd0000 rwxp 00000000 00:00 0 
7fa212fd0000-7fa2137f0000 rwxp 00000000 00:00 0 
7fa2137f0000-7fa2162c0000 rwxp 00000000 00:00 0 
7fa2162c0000-7fa216490000 ---p 00000000 00:00 0 
7fa216490000-7fa216491000 rwxs 1097fb000 00:11 5718                      /dev/nvidia0
7fa216491000-7fa216492000 rwxs cc060000 00:11 5718                       /dev/nvidia0
7fa216492000-7fa2164bc000 rwxp 00000000 00:00 0 
7fa2164bc000-7fa216552000 rwxp 00000000 00:00 0 
7fa216552000-7fa216fc2000 rwxp 00000000 00:00 0 
7fa216fc2000-7fa219552000 rwxp 00000000 00:00 0 
7fa219552000-7fa219560000 r-xp 00000000 08:13 40127281                   /opt/sun-jdk-1.6.0.20/jre/lib/amd64/libzip.so
7fa219560000-7fa219662000 ---p 0000e000 08:13 40127281                   /opt/sun-jdk-1.6.0.20/jre/lib/amd64/libzip.so
7fa219662000-7fa219665000 rwxp 00010000 08:13 40127281                   /opt/sun-jdk-1.6.0.20/jre/lib/amd64/libzip.so
7fa219665000-7fa219666000 rwxp 00000000 00:00 0 
7fa219666000-7fa219671000 r-xp 00000000 08:13 35422260                   /lib64/libnss_files-2.11.2.so
7fa219671000-7fa219870000 ---p 0000b000 08:13 35422260                   /lib64/libnss_files-2.11.2.so
7fa219870000-7fa219871000 r-xp 0000a000 08:13 35422260                   /lib64/libnss_files-2.11.2.so
7fa219871000-7fa219872000 rwxp 0000b000 08:13 35422260                   /lib64/libnss_files-2.11.2.so
7fa219872000-7fa21987c000 r-xp 00000000 08:13 35422264                   /lib64/libnss_nis-2.11.2.so
7fa21987c000-7fa219a7b000 ---p 0000a000 08:13 35422264                   /lib64/libnss_nis-2.11.2.so
7fa219a7b000-7fa219a7c000 r-xp 00009000 08:13 35422264                   /lib64/libnss_nis-2.11.2.so
7fa219a7c000-7fa219a7d000 rwxp 0000a000 08:13 35422264                   /lib64/libnss_nis-2.11.2.so
7fa219a7d000-7fa219a84000 r-xp 00000000 08:13 35422279                   /lib64/libnss_compat-2.11.2.so
7fa219a84000-7fa219c83000 ---p 00007000 08:13 35422279                   /lib64/libnss_compat-2.11.2.so
7fa219c83000-7fa219c84000 r-xp 00006000 08:13 35422279                   /lib64/libnss_compat-2.11.2.so
7fa219c84000-7fa219c85000 rwxp 00007000 08:13 35422279                   /lib64/libnss_compat-2.11.2.so
7fa219c85000-7fa219c8c000 r-xp 00000000 08:13 40127293                   /opt/sun-jdk-1.6.0.20/jre/lib/amd64/native_threads/libhpi.so
7fa219c8c000-7fa219d8d000 ---p 00007000 08:13 40127293                   /opt/sun-jdk-1.6.0.20/jre/lib/amd64/native_threads/libhpi.so
7fa219d8d000-7fa219d8f000 rwxp 00008000 08:13 40127293                   /opt/sun-jdk-1.6.0.20/jre/lib/amd64/native_threads/libhpi.so
7fa219d8f000-7fa219d90000 rwxp 00000000 00:00 0 
7fa219d90000-7fa219da5000 r-xp 00000000 08:13 35422311                   /lib64/libnsl-2.11.2.so
7fa219da5000-7fa219fa4000 ---p 00015000 08:13 35422311                   /lib64/libnsl-2.11.2.so
7fa219fa4000-7fa219fa5000 r-xp 00014000 08:13 35422311                   /lib64/libnsl-2.11.2.so
7fa219fa5000-7fa219fa6000 rwxp 00015000 08:13 35422311                   /lib64/libnsl-2.11.2.so
7fa219fa6000-7fa219fa8000 rwxp 00000000 00:00 0 
7fa219fa8000-7fa219fd1000 r-xp 00000000 08:13 40127313                   /opt/sun-jdk-1.6.0.20/jre/lib/amd64/libjava.so
7fa219fd1000-7fa21a0d0000 ---p 00029000 08:13 40127313                   /opt/sun-jdk-1.6.0.20/jre/lib/amd64/libjava.so
7fa21a0d0000-7fa21a0d7000 rwxp 00028000 08:13 40127313                   /opt/sun-jdk-1.6.0.20/jre/lib/amd64/libjava.so
7fa21a0d7000-7fa21a0e4000 r-xp 00000000 08:13 40127296                   /opt/sun-jdk-1.6.0.20/jre/lib/amd64/libverify.so
7fa21a0e4000-7fa21a1e3000 ---p 0000d000 08:13 40127296                   /opt/sun-jdk-1.6.0.20/jre/lib/amd64/libverify.so
7fa21a1e3000-7fa21a1e6000 rwxp 0000c000 08:13 40127296                   /opt/sun-jdk-1.6.0.20/jre/lib/amd64/libverify.so
7fa21a1e6000-7fa21a1ee000 r-xp 00000000 08:13 35422274                   /lib64/librt-2.11.2.so
7fa21a1ee000-7fa21a3ed000 ---p 00008000 08:13 35422274                   /lib64/librt-2.11.2.so
7fa21a3ed000-7fa21a3ee000 r-xp 00007000 08:13 35422274                   /lib64/librt-2.11.2.so
7fa21a3ee000-7fa21a3ef000 rwxp 00008000 08:13 35422274                   /lib64/librt-2.11.2.so
7fa21a3ef000-7fa21a3f2000 ---p 00000000 00:00 0 
7fa21a3f2000-7fa21a4f0000 rwxp 00000000 00:00 0 
7fa21a4f0000-7fa21a570000 r-xp 00000000 08:13 35422272                   /lib64/libm-2.11.2.so
7fa21a570000-7fa21a76f000 ---p 00080000 08:13 35422272                   /lib64/libm-2.11.2.so
7fa21a76f000-7fa21a770000 r-xp 0007f000 08:13 35422272                   /lib64/libm-2.11.2.so
7fa21a770000-7fa21a771000 rwxp 00080000 08:13 35422272                   /lib64/libm-2.11.2.so
7fa21a771000-7fa21af26000 r-xp 00000000 08:13 40127289                   /opt/sun-jdk-1.6.0.20/jre/lib/amd64/server/libjvm.so
7fa21af26000-7fa21b025000 ---p 007b5000 08:13 40127289                   /opt/sun-jdk-1.6.0.20/jre/lib/amd64/server/libjvm.so
7fa21b025000-7fa21b1b0000 rwxp 007b4000 08:13 40127289                   /opt/sun-jdk-1.6.0.20/jre/lib/amd64/server/libjvm.so
7fa21b1b0000-7fa21b1e9000 rwxp 00000000 00:00 0 
7fa21b1e9000-7fa21b338000 r-xp 00000000 08:13 35422290                   /lib64/libc-2.11.2.so
7fa21b338000-7fa21b538000 ---p 0014f000 08:13 35422290                   /lib64/libc-2.11.2.so
7fa21b538000-7fa21b53c000 r-xp 0014f000 08:13 35422290                   /lib64/libc-2.11.2.so
7fa21b53c000-7fa21b53d000 rwxp 00153000 08:13 35422290                   /lib64/libc-2.11.2.so
7fa21b53d000-7fa21b542000 rwxp 00000000 00:00 0 
7fa21b542000-7fa21b544000 r-xp 00000000 08:13 35422269                   /lib64/libdl-2.11.2.so
7fa21b544000-7fa21b744000 ---p 00002000 08:13 35422269                   /lib64/libdl-2.11.2.so
7fa21b744000-7fa21b745000 r-xp 00002000 08:13 35422269                   /lib64/libdl-2.11.2.so
7fa21b745000-7fa21b746000 rwxp 00003000 08:13 35422269                   /lib64/libdl-2.11.2.so
7fa21b746000-7fa21b75d000 r-xp 00000000 08:13 35422265                   /lib64/libpthread-2.11.2.so
7fa21b75d000-7fa21b95c000 ---p 00017000 08:13 35422265                   /lib64/libpthread-2.11.2.so
7fa21b95c000-7fa21b95d000 r-xp 00016000 08:13 35422265                   /lib64/libpthread-2.11.2.so
7fa21b95d000-7fa21b95e000 rwxp 00017000 08:13 35422265                   /lib64/libpthread-2.11.2.so
7fa21b95e000-7fa21b962000 rwxp 00000000 00:00 0 
7fa21b962000-7fa21b980000 r-xp 00000000 08:13 35422270                   /lib64/ld-2.11.2.so
7fa21b980000-7fa21b981000 rwxp 00000000 00:00 0 
7fa21b981000-7fa21b984000 r-xs 00000000 08:13 40321199                   /var/cache/fontconfig/cfde08ab28ad1d91784abb10973575e3-le64.cache-3
7fa21b984000-7fa21b988000 r-xs 00000000 08:13 40321170                   /var/cache/fontconfig/f6b893a7224233d96cb72fd88691c0b4-le64.cache-3
7fa21b988000-7fa21b999000 rwxp 00000000 00:00 0 
7fa21b999000-7fa21b99f000 ---p 00000000 00:00 0 
7fa21b99f000-7fa21b9b2000 rwxp 00000000 00:00 0 
7fa21b9b2000-7fa21b9c3000 rwxp 00000000 00:00 0 
7fa21b9c3000-7fa21b9c9000 ---p 00000000 00:00 0 
7fa21b9c9000-7fa21b9dc000 rwxp 00000000 00:00 0 
7fa21b9dc000-7fa21ba05000 rwxp 00000000 00:00 0 
7fa21ba05000-7fa21ba08000 rwxp 00000000 00:00 0 
7fa21ba08000-7fa21ba1f000 rwxp 00000000 00:00 0 
7fa21ba1f000-7fa21ba23000 rwxp 00000000 00:00 0 
7fa21ba23000-7fa21ba2a000 r-xp 00000000 08:13 40127321                   /opt/sun-jdk-1.6.0.20/jre/lib/amd64/jli/libjli.so
7fa21ba2a000-7fa21bb2b000 ---p 00007000 08:13 40127321                   /opt/sun-jdk-1.6.0.20/jre/lib/amd64/jli/libjli.so
7fa21bb2b000-7fa21bb2d000 rwxp 00008000 08:13 40127321                   /opt/sun-jdk-1.6.0.20/jre/lib/amd64/jli/libjli.so
7fa21bb2d000-7fa21bb2e000 rwxp 00000000 00:00 0 
7fa21bb2e000-7fa21bb2f000 r-xs 00004000 08:13 10808618                   /home/lepagee/.java/deployment/cache/6.0/37/7315ace5-513a68c7
7fa21bb2f000-7fa21bb36000 r-xs 00000000 08:13 40321168                   /var/cache/fontconfig/f349e9996a5320f6dd491cedd2b1f964-le64.cache-3
7fa21bb36000-7fa21bb47000 r-xs 00320000 08:13 40127370                   /opt/sun-jdk-1.6.0.20/jre/lib/deploy.jar
7fa21bb47000-7fa21bb70000 rwxp 00000000 00:00 0 
7fa21bb70000-7fa21bb74000 rwxp 00000000 00:00 0 
7fa21bb74000-7fa21bb7c000 rwxs 00000000 08:13 19123597                   /tmp/hsperfdata_lepagee/4794 (deleted)
7fa21bb7c000-7fa21bb7d000 rwxp 00000000 00:00 0 
7fa21bb7d000-7fa21bb7e000 ---p 00000000 00:00 0 
7fa21bb7e000-7fa21bb7f000 rwxp 00000000 00:00 0 
7fa21bb7f000-7fa21bb80000 r-xp 0001d000 08:13 35422270                   /lib64/ld-2.11.2.so
7fa21bb80000-7fa21bb81000 rwxp 0001e000 08:13 35422270                   /lib64/ld-2.11.2.so
7fa21bb81000-7fa21bb82000 rwxp 00000000 00:00 0 
7fff8b7b1000-7fff8b7c7000 rwxp 00000000 00:00 0                          [stack]
7fff8b7ff000-7fff8b800000 r-xp 00000000 00:00 0                          [vdso]
ffffffffff600000-ffffffffff601000 r-xp 00000000 00:00 0                  [vsyscall]

VM Arguments:
jvm_args: -D__jvm_launched=1003423136563 -Xbootclasspath/a:/opt/sun-jdk-1.6.0.20/jre/lib/deploy.jar:/opt/sun-jdk-1.6.0.20/jre/lib/javaws.jar:/opt/sun-jdk-1.6.0.20/jre/lib/plugin.jar -Dsun.awt.warmup=true -Xmx134m -Dsun.java2d.noddraw=true 
java_command: sun.plugin2.main.client.PluginMain write_pipe_name=/tmp/.com.sun.deploy.net.socket.4430.7257924375450034072.AF_UNIX
Launcher Type: SUN_STANDARD

Environment Variables:
JAVA_HOME=/home/lepagee/.gentoo/java-config-2/current-user-vm
PATH=/usr/local/bin:/usr/bin:/bin:/opt/bin:/usr/x86_64-pc-linux-gnu/gcc-bin/4.4.4:/opt/blackdown-jdk-1.4.2.03/bin:/opt/blackdown-jdk-1.4.2.03/jre/bin:/usr/games/bin:/home/kde-devel/kde/bin/:/usr/lib64/chromium-browser
LD_LIBRARY_PATH=/opt/sun-jdk-1.6.0.20/jre/lib/amd64/server:/opt/sun-jdk-1.6.0.20/jre/lib/amd64:/opt/sun-jdk-1.6.0.20/jre/../lib/amd64
SHELL=/bin/bash
DISPLAY=:0.0

Signal Handlers:
SIGSEGV: [libjvm.so+0x70ffd0], sa_mask[0]=0x7ffbfeff, sa_flags=0x10000004
SIGBUS: [libjvm.so+0x70ffd0], sa_mask[0]=0x7ffbfeff, sa_flags=0x10000004
SIGFPE: [libjvm.so+0x5d8cf0], sa_mask[0]=0x7ffbfeff, sa_flags=0x10000004
SIGPIPE: [libjvm.so+0x5d8cf0], sa_mask[0]=0x7ffbfeff, sa_flags=0x10000004
SIGXFSZ: [libjvm.so+0x5d8cf0], sa_mask[0]=0x7ffbfeff, sa_flags=0x10000004
SIGILL: [libjvm.so+0x5d8cf0], sa_mask[0]=0x7ffbfeff, sa_flags=0x10000004
SIGUSR1: SIG_DFL, sa_mask[0]=0x00000000, sa_flags=0x00000000
SIGUSR2: [libjvm.so+0x5db510], sa_mask[0]=0x00000004, sa_flags=0x10000004
SIGHUP: [libjvm.so+0x5db260], sa_mask[0]=0x7ffbfeff, sa_flags=0x10000004
SIGINT: SIG_IGN, sa_mask[0]=0x00000000, sa_flags=0x00000000
SIGTERM: [libjvm.so+0x5db260], sa_mask[0]=0x7ffbfeff, sa_flags=0x10000004
SIGQUIT: [libjvm.so+0x5db260], sa_mask[0]=0x7ffbfeff, sa_flags=0x10000004


---------------  S Y S T E M  ---------------

OS:Gentoo Base System release 2.0.1

uname:Linux 2.6.33-zen2 #5 ZEN SMP Sat May 29 01:44:16 EDT 2010 x86_64
libc:glibc 2.11.2 NPTL 2.11.2 
rlimit: STACK 8192k, CORE 0k, NPROC 31658, NOFILE 1024, AS infinity
load average:3.15 2.79 2.56

CPU:total 4 (4 cores per cpu, 1 threads per core) family 6 model 15 stepping 11, cmov, cx8, fxsr, mmx, sse, sse2, sse3, ssse3

Memory: 4k page, physical 4052812k(151036k free), swap 0k(0k free)

vm_info: Java HotSpot(TM) 64-Bit Server VM (16.3-b01) for linux-amd64 JRE (1.6.0_20-b02), built on Apr 12 2010 13:57:11 by "java_re" with gcc 3.2.2 (SuSE Linux)

time: Wed Jul 14 15:52:50 2010
elapsed time: 2098 seconds

