fbpanel: Fatal IO error 11 (Resursen tillf채lligt otillg채nglig) on X server :0.0.
/home/isak/.themes/aero_space/gtk-2.0/toolbar-custom.rc:21: Kan inte hitta bildfil i "pixmap_path": "Toolbar/toolbar-black.png"
/home/isak/.themes/aero_space/gtk-2.0/toolbar-custom.rc:24: Background image options specified without filename
/home/isak/.themes/aero_space/gtk-2.0/gtkrc:187: Kan inte hitta bildfil i "pixmap_path": "Arrows/arrow-up.png"
/home/isak/.themes/aero_space/gtk-2.0/gtkrc:191: Overlay image options specified without filename

(fbpanel:20152): Gtk-WARNING **: Kan inte hitta temamotorn i "module_path": "aurora",

(fbpanel:20152): Gtk-WARNING **: Kan inte hitta temamotorn i "module_path": "aurora",

(fbpanel:20152): Gtk-WARNING **: Kan inte hitta temamotorn i "module_path": "aurora",

(fbpanel:20152): Gtk-WARNING **: Kan inte hitta temamotorn i "module_path": "aurora",
/home/isak/.themes/aero_space/gtk-2.0/toolbar-custom.rc:21: Kan inte hitta bildfil i "pixmap_path": "Toolbar/toolbar-black.png"
/home/isak/.themes/aero_space/gtk-2.0/toolbar-custom.rc:24: Background image options specified without filename
/home/isak/.themes/aero_space/gtk-2.0/gtkrc:187: Kan inte hitta bildfil i "pixmap_path": "Arrows/arrow-up.png"
/home/isak/.themes/aero_space/gtk-2.0/gtkrc:191: Overlay image options specified without filename
fbpanel: Fatal IO error 11 (Resursen tillf채lligt otillg채nglig) on X server :0.0.

(fbpanel:18078): librsvg-WARNING **: result0 not found


(fbpanel:18078): librsvg-WARNING **: result0 not found


(fbpanel:18078): librsvg-WARNING **: result0 not found


(fbpanel:18078): librsvg-WARNING **: result0 not found


(fbpanel:18078): librsvg-WARNING **: result0 not found


(fbpanel:18078): librsvg-WARNING **: result0 not found


(fbpanel:18078): librsvg-WARNING **: result0 not found


(fbpanel:18078): librsvg-WARNING **: result0 not found


(fbpanel:18078): librsvg-WARNING **: result0 not found


(fbpanel:18078): librsvg-WARNING **: result0 not found


(fbpanel:18078): librsvg-WARNING **: result0 not found


(fbpanel:18078): librsvg-WARNING **: result0 not found


(fbpanel:18078): librsvg-WARNING **: result0 not found


(fbpanel:18078): librsvg-WARNING **: result0 not found


(fbpanel:18078): librsvg-WARNING **: result0 not found


(fbpanel:18178): librsvg-WARNING **: result0 not found


(fbpanel:18178): librsvg-WARNING **: result0 not found


(fbpanel:18178): librsvg-WARNING **: result0 not found


(fbpanel:18178): librsvg-WARNING **: result0 not found


(fbpanel:18178): librsvg-WARNING **: result0 not found


(fbpanel:18178): librsvg-WARNING **: result0 not found


(fbpanel:18178): librsvg-WARNING **: result0 not found


(fbpanel:18178): librsvg-WARNING **: result0 not found


(fbpanel:18178): librsvg-WARNING **: result0 not found


(fbpanel:18178): librsvg-WARNING **: result0 not found


(fbpanel:18178): librsvg-WARNING **: result0 not found


(fbpanel:18178): librsvg-WARNING **: result0 not found


(fbpanel:18178): librsvg-WARNING **: result0 not found


(fbpanel:18178): librsvg-WARNING **: result0 not found


(fbpanel:18178): librsvg-WARNING **: result0 not found


(fbpanel:18251): librsvg-WARNING **: result0 not found


(fbpanel:18251): librsvg-WARNING **: result0 not found


(fbpanel:18251): librsvg-WARNING **: result0 not found


(fbpanel:18251): librsvg-WARNING **: result0 not found


(fbpanel:18251): librsvg-WARNING **: result0 not found


(fbpanel:18251): librsvg-WARNING **: result0 not found


(fbpanel:18251): librsvg-WARNING **: result0 not found


(fbpanel:18251): librsvg-WARNING **: result0 not found


(fbpanel:18251): librsvg-WARNING **: result0 not found


(fbpanel:18251): librsvg-WARNING **: result0 not found


(fbpanel:18251): librsvg-WARNING **: result0 not found


(fbpanel:18251): librsvg-WARNING **: result0 not found


(fbpanel:18251): librsvg-WARNING **: result0 not found


(fbpanel:18251): librsvg-WARNING **: result0 not found


(fbpanel:18251): librsvg-WARNING **: result0 not found


(fbpanel:18329): librsvg-WARNING **: result0 not found


(fbpanel:18329): librsvg-WARNING **: result0 not found


(fbpanel:18329): librsvg-WARNING **: result0 not found


(fbpanel:18329): librsvg-WARNING **: result0 not found


(fbpanel:18329): librsvg-WARNING **: result0 not found


(fbpanel:18329): librsvg-WARNING **: result0 not found


(fbpanel:18329): librsvg-WARNING **: result0 not found


(fbpanel:18329): librsvg-WARNING **: result0 not found


(fbpanel:18329): librsvg-WARNING **: result0 not found


(fbpanel:18329): librsvg-WARNING **: result0 not found


(fbpanel:18329): librsvg-WARNING **: result0 not found


(fbpanel:18329): librsvg-WARNING **: result0 not found


(fbpanel:18329): librsvg-WARNING **: result0 not found


(fbpanel:18329): librsvg-WARNING **: result0 not found


(fbpanel:18329): librsvg-WARNING **: result0 not found


(fbpanel:18411): librsvg-WARNING **: result0 not found


(fbpanel:18411): librsvg-WARNING **: result0 not found


(fbpanel:18411): librsvg-WARNING **: result0 not found


(fbpanel:18411): librsvg-WARNING **: result0 not found


(fbpanel:18411): librsvg-WARNING **: result0 not found


(fbpanel:18411): librsvg-WARNING **: result0 not found


(fbpanel:18411): librsvg-WARNING **: result0 not found


(fbpanel:18411): librsvg-WARNING **: result0 not found


(fbpanel:18411): librsvg-WARNING **: result0 not found


(fbpanel:18411): librsvg-WARNING **: result0 not found


(fbpanel:18411): librsvg-WARNING **: result0 not found


(fbpanel:18411): librsvg-WARNING **: result0 not found


(fbpanel:18411): librsvg-WARNING **: result0 not found


(fbpanel:18411): librsvg-WARNING **: result0 not found


(fbpanel:18411): librsvg-WARNING **: result0 not found


(fbpanel:18592): librsvg-WARNING **: result0 not found


(fbpanel:18592): librsvg-WARNING **: result0 not found


(fbpanel:18592): librsvg-WARNING **: result0 not found


(fbpanel:18592): librsvg-WARNING **: result0 not found


(fbpanel:18592): librsvg-WARNING **: result0 not found


(fbpanel:18592): librsvg-WARNING **: result0 not found


(fbpanel:18592): librsvg-WARNING **: result0 not found


(fbpanel:18592): librsvg-WARNING **: result0 not found


(fbpanel:18592): librsvg-WARNING **: result0 not found


(fbpanel:18592): librsvg-WARNING **: result0 not found


(fbpanel:18592): librsvg-WARNING **: result0 not found


(fbpanel:18592): librsvg-WARNING **: result0 not found


(fbpanel:18592): librsvg-WARNING **: result0 not found


(fbpanel:18592): librsvg-WARNING **: result0 not found


(fbpanel:18592): librsvg-WARNING **: result0 not found


(fbpanel:18649): librsvg-WARNING **: result0 not found


(fbpanel:18649): librsvg-WARNING **: result0 not found


(fbpanel:18649): librsvg-WARNING **: result0 not found


(fbpanel:18649): librsvg-WARNING **: result0 not found


(fbpanel:18649): librsvg-WARNING **: result0 not found


(fbpanel:18649): librsvg-WARNING **: result0 not found


(fbpanel:18649): librsvg-WARNING **: result0 not found


(fbpanel:18649): librsvg-WARNING **: result0 not found


(fbpanel:18649): librsvg-WARNING **: result0 not found


(fbpanel:18649): librsvg-WARNING **: result0 not found


(fbpanel:18649): librsvg-WARNING **: result0 not found


(fbpanel:18649): librsvg-WARNING **: result0 not found


(fbpanel:18649): librsvg-WARNING **: result0 not found


(fbpanel:18649): librsvg-WARNING **: result0 not found


(fbpanel:18649): librsvg-WARNING **: result0 not found


(fbpanel:18698): librsvg-WARNING **: result0 not found


(fbpanel:18698): librsvg-WARNING **: result0 not found


(fbpanel:18698): librsvg-WARNING **: result0 not found


(fbpanel:18698): librsvg-WARNING **: result0 not found


(fbpanel:18698): librsvg-WARNING **: result0 not found


(fbpanel:18698): librsvg-WARNING **: result0 not found


(fbpanel:18698): librsvg-WARNING **: result0 not found


(fbpanel:18698): librsvg-WARNING **: result0 not found


(fbpanel:18698): librsvg-WARNING **: result0 not found


(fbpanel:18698): librsvg-WARNING **: result0 not found


(fbpanel:18698): librsvg-WARNING **: result0 not found


(fbpanel:18698): librsvg-WARNING **: result0 not found


(fbpanel:18698): librsvg-WARNING **: result0 not found


(fbpanel:18698): librsvg-WARNING **: result0 not found


(fbpanel:18698): librsvg-WARNING **: result0 not found


(fbpanel:18801): librsvg-WARNING **: result0 not found


(fbpanel:18801): librsvg-WARNING **: result0 not found


(fbpanel:18801): librsvg-WARNING **: result0 not found


(fbpanel:18801): librsvg-WARNING **: result0 not found


(fbpanel:18801): librsvg-WARNING **: result0 not found


(fbpanel:18801): librsvg-WARNING **: result0 not found


(fbpanel:18801): librsvg-WARNING **: result0 not found


(fbpanel:18801): librsvg-WARNING **: result0 not found


(fbpanel:18801): librsvg-WARNING **: result0 not found


(fbpanel:18801): librsvg-WARNING **: result0 not found


(fbpanel:18801): librsvg-WARNING **: result0 not found


(fbpanel:18801): librsvg-WARNING **: result0 not found


(fbpanel:18801): librsvg-WARNING **: result0 not found


(fbpanel:18801): librsvg-WARNING **: result0 not found


(fbpanel:18801): librsvg-WARNING **: result0 not found


(fbpanel:18890): librsvg-WARNING **: result0 not found


(fbpanel:18890): librsvg-WARNING **: result0 not found


(fbpanel:18890): librsvg-WARNING **: result0 not found


(fbpanel:18890): librsvg-WARNING **: result0 not found


(fbpanel:18890): librsvg-WARNING **: result0 not found


(fbpanel:18890): librsvg-WARNING **: result0 not found


(fbpanel:18890): librsvg-WARNING **: result0 not found


(fbpanel:18890): librsvg-WARNING **: result0 not found


(fbpanel:18890): librsvg-WARNING **: result0 not found


(fbpanel:18890): librsvg-WARNING **: result0 not found


(fbpanel:18890): librsvg-WARNING **: result0 not found


(fbpanel:18890): librsvg-WARNING **: result0 not found


(fbpanel:18890): librsvg-WARNING **: result0 not found


(fbpanel:18890): librsvg-WARNING **: result0 not found


(fbpanel:18890): librsvg-WARNING **: result0 not found


(fbpanel:18956): librsvg-WARNING **: result0 not found


(fbpanel:18956): librsvg-WARNING **: result0 not found


(fbpanel:18956): librsvg-WARNING **: result0 not found


(fbpanel:18956): librsvg-WARNING **: result0 not found


(fbpanel:18956): librsvg-WARNING **: result0 not found


(fbpanel:18956): librsvg-WARNING **: result0 not found


(fbpanel:18956): librsvg-WARNING **: result0 not found


(fbpanel:18956): librsvg-WARNING **: result0 not found


(fbpanel:18956): librsvg-WARNING **: result0 not found


(fbpanel:18956): librsvg-WARNING **: result0 not found


(fbpanel:18956): librsvg-WARNING **: result0 not found


(fbpanel:18956): librsvg-WARNING **: result0 not found


(fbpanel:18956): librsvg-WARNING **: result0 not found


(fbpanel:18956): librsvg-WARNING **: result0 not found


(fbpanel:18956): librsvg-WARNING **: result0 not found


(fbpanel:19040): librsvg-WARNING **: result0 not found


(fbpanel:19040): librsvg-WARNING **: result0 not found


(fbpanel:19040): librsvg-WARNING **: result0 not found


(fbpanel:19040): librsvg-WARNING **: result0 not found


(fbpanel:19040): librsvg-WARNING **: result0 not found


(fbpanel:19040): librsvg-WARNING **: result0 not found


(fbpanel:19040): librsvg-WARNING **: result0 not found


(fbpanel:19040): librsvg-WARNING **: result0 not found


(fbpanel:19040): librsvg-WARNING **: result0 not found


(fbpanel:19040): librsvg-WARNING **: result0 not found


(fbpanel:19040): librsvg-WARNING **: result0 not found


(fbpanel:19040): librsvg-WARNING **: result0 not found


(fbpanel:19040): librsvg-WARNING **: result0 not found


(fbpanel:19040): librsvg-WARNING **: result0 not found


(fbpanel:19040): librsvg-WARNING **: result0 not found


(fbpanel:19087): librsvg-WARNING **: result0 not found


(fbpanel:19087): librsvg-WARNING **: result0 not found


(fbpanel:19087): librsvg-WARNING **: result0 not found


(fbpanel:19087): librsvg-WARNING **: result0 not found


(fbpanel:19087): librsvg-WARNING **: result0 not found


(fbpanel:19087): librsvg-WARNING **: result0 not found


(fbpanel:19087): librsvg-WARNING **: result0 not found


(fbpanel:19087): librsvg-WARNING **: result0 not found


(fbpanel:19087): librsvg-WARNING **: result0 not found


(fbpanel:19087): librsvg-WARNING **: result0 not found


(fbpanel:19087): librsvg-WARNING **: result0 not found


(fbpanel:19087): librsvg-WARNING **: result0 not found


(fbpanel:19087): librsvg-WARNING **: result0 not found


(fbpanel:19087): librsvg-WARNING **: result0 not found


(fbpanel:19087): librsvg-WARNING **: result0 not found


(fbpanel:19306): librsvg-WARNING **: result0 not found


(fbpanel:19306): librsvg-WARNING **: result0 not found


(fbpanel:19306): librsvg-WARNING **: result0 not found


(fbpanel:19306): librsvg-WARNING **: result0 not found


(fbpanel:19306): librsvg-WARNING **: result0 not found


(fbpanel:19306): librsvg-WARNING **: result0 not found


(fbpanel:19306): librsvg-WARNING **: result0 not found


(fbpanel:19306): librsvg-WARNING **: result0 not found


(fbpanel:19306): librsvg-WARNING **: result0 not found


(fbpanel:19306): librsvg-WARNING **: result0 not found


(fbpanel:19306): librsvg-WARNING **: result0 not found


(fbpanel:19306): librsvg-WARNING **: result0 not found


(fbpanel:19306): librsvg-WARNING **: result0 not found


(fbpanel:19306): librsvg-WARNING **: result0 not found


(fbpanel:19306): librsvg-WARNING **: result0 not found


(fbpanel:19695): librsvg-WARNING **: result0 not found


(fbpanel:19695): librsvg-WARNING **: result0 not found


(fbpanel:19695): librsvg-WARNING **: result0 not found


(fbpanel:19695): librsvg-WARNING **: result0 not found


(fbpanel:19695): librsvg-WARNING **: result0 not found


(fbpanel:19695): librsvg-WARNING **: result0 not found


(fbpanel:19695): librsvg-WARNING **: result0 not found


(fbpanel:19695): librsvg-WARNING **: result0 not found


(fbpanel:19695): librsvg-WARNING **: result0 not found


(fbpanel:19695): librsvg-WARNING **: result0 not found


(fbpanel:19695): librsvg-WARNING **: result0 not found


(fbpanel:19695): librsvg-WARNING **: result0 not found


(fbpanel:19695): librsvg-WARNING **: result0 not found


(fbpanel:19695): librsvg-WARNING **: result0 not found


(fbpanel:19695): librsvg-WARNING **: result0 not found


(fbpanel:20022): librsvg-WARNING **: result1 not found


(fbpanel:20022): librsvg-WARNING **: result1 not found


(fbpanel:20022): librsvg-WARNING **: result1 not found


(fbpanel:20022): librsvg-WARNING **: result1 not found


(fbpanel:20022): librsvg-WARNING **: result1 not found


(fbpanel:20022): librsvg-WARNING **: result1 not found


(fbpanel:20022): librsvg-WARNING **: result1 not found


(fbpanel:20022): librsvg-WARNING **: result1 not found


(fbpanel:20022): librsvg-WARNING **: result1 not found


(fbpanel:20022): librsvg-WARNING **: result1 not found


(fbpanel:20022): librsvg-WARNING **: result1 not found


(fbpanel:20022): librsvg-WARNING **: result1 not found


(fbpanel:20022): librsvg-WARNING **: result1 not found


(fbpanel:20022): librsvg-WARNING **: result1 not found


(fbpanel:20022): librsvg-WARNING **: result1 not found


(fbpanel:20198): librsvg-WARNING **: result1 not found


(fbpanel:20198): librsvg-WARNING **: result1 not found


(fbpanel:20198): librsvg-WARNING **: result1 not found


(fbpanel:20198): librsvg-WARNING **: result1 not found


(fbpanel:20198): librsvg-WARNING **: result1 not found


(fbpanel:20198): librsvg-WARNING **: result1 not found


(fbpanel:20198): librsvg-WARNING **: result1 not found


(fbpanel:20198): librsvg-WARNING **: result1 not found


(fbpanel:20198): librsvg-WARNING **: result1 not found


(fbpanel:20198): librsvg-WARNING **: result1 not found


(fbpanel:20198): librsvg-WARNING **: result1 not found


(fbpanel:20198): librsvg-WARNING **: result1 not found


(fbpanel:20198): librsvg-WARNING **: result1 not found


(fbpanel:20198): librsvg-WARNING **: result1 not found


(fbpanel:20198): librsvg-WARNING **: result1 not found


(fbpanel:20274): librsvg-WARNING **: result1 not found


(fbpanel:20274): librsvg-WARNING **: result1 not found


(fbpanel:20274): librsvg-WARNING **: result1 not found


(fbpanel:20274): librsvg-WARNING **: result1 not found


(fbpanel:20274): librsvg-WARNING **: result1 not found


(fbpanel:20274): librsvg-WARNING **: result1 not found


(fbpanel:20274): librsvg-WARNING **: result1 not found


(fbpanel:20274): librsvg-WARNING **: result1 not found


(fbpanel:20274): librsvg-WARNING **: result1 not found


(fbpanel:20274): librsvg-WARNING **: result1 not found


(fbpanel:20274): librsvg-WARNING **: result1 not found


(fbpanel:20274): librsvg-WARNING **: result1 not found


(fbpanel:20274): librsvg-WARNING **: result1 not found


(fbpanel:20274): librsvg-WARNING **: result1 not found


(fbpanel:20274): librsvg-WARNING **: result1 not found


(fbpanel:20363): librsvg-WARNING **: result1 not found


(fbpanel:20363): librsvg-WARNING **: result1 not found


(fbpanel:20363): librsvg-WARNING **: result1 not found


(fbpanel:20363): librsvg-WARNING **: result1 not found


(fbpanel:20363): librsvg-WARNING **: result1 not found


(fbpanel:20363): librsvg-WARNING **: result1 not found


(fbpanel:20363): librsvg-WARNING **: result1 not found


(fbpanel:20363): librsvg-WARNING **: result1 not found


(fbpanel:20363): librsvg-WARNING **: result1 not found


(fbpanel:20363): librsvg-WARNING **: result1 not found


(fbpanel:20363): librsvg-WARNING **: result1 not found


(fbpanel:20363): librsvg-WARNING **: result1 not found


(fbpanel:20363): librsvg-WARNING **: result1 not found


(fbpanel:20363): librsvg-WARNING **: result1 not found


(fbpanel:20363): librsvg-WARNING **: result1 not found


(fbpanel:20550): librsvg-WARNING **: result1 not found


(fbpanel:20550): librsvg-WARNING **: result1 not found


(fbpanel:20550): librsvg-WARNING **: result1 not found


(fbpanel:20550): librsvg-WARNING **: result1 not found


(fbpanel:20550): librsvg-WARNING **: result1 not found


(fbpanel:20550): librsvg-WARNING **: result1 not found


(fbpanel:20550): librsvg-WARNING **: result1 not found


(fbpanel:20550): librsvg-WARNING **: result1 not found


(fbpanel:20550): librsvg-WARNING **: result1 not found


(fbpanel:20550): librsvg-WARNING **: result1 not found


(fbpanel:20550): librsvg-WARNING **: result1 not found


(fbpanel:20550): librsvg-WARNING **: result1 not found


(fbpanel:20550): librsvg-WARNING **: result1 not found


(fbpanel:20550): librsvg-WARNING **: result1 not found


(fbpanel:20550): librsvg-WARNING **: result1 not found


(fbpanel:20629): librsvg-WARNING **: result1 not found


(fbpanel:20629): librsvg-WARNING **: result1 not found


(fbpanel:20629): librsvg-WARNING **: result1 not found


(fbpanel:20629): librsvg-WARNING **: result1 not found


(fbpanel:20629): librsvg-WARNING **: result1 not found


(fbpanel:20629): librsvg-WARNING **: result1 not found


(fbpanel:20629): librsvg-WARNING **: result1 not found


(fbpanel:20629): librsvg-WARNING **: result1 not found


(fbpanel:20629): librsvg-WARNING **: result1 not found


(fbpanel:20629): librsvg-WARNING **: result1 not found


(fbpanel:20629): librsvg-WARNING **: result1 not found


(fbpanel:20629): librsvg-WARNING **: result1 not found


(fbpanel:20629): librsvg-WARNING **: result1 not found


(fbpanel:20629): librsvg-WARNING **: result1 not found


(fbpanel:20629): librsvg-WARNING **: result1 not found


(fbpanel:20724): librsvg-WARNING **: result1 not found


(fbpanel:20724): librsvg-WARNING **: result1 not found


(fbpanel:20724): librsvg-WARNING **: result1 not found


(fbpanel:20724): librsvg-WARNING **: result1 not found


(fbpanel:20724): librsvg-WARNING **: result1 not found


(fbpanel:20724): librsvg-WARNING **: result1 not found


(fbpanel:20724): librsvg-WARNING **: result1 not found


(fbpanel:20724): librsvg-WARNING **: result1 not found


(fbpanel:20724): librsvg-WARNING **: result1 not found


(fbpanel:20724): librsvg-WARNING **: result1 not found


(fbpanel:20724): librsvg-WARNING **: result1 not found


(fbpanel:20724): librsvg-WARNING **: result1 not found


(fbpanel:20724): librsvg-WARNING **: result1 not found


(fbpanel:20724): librsvg-WARNING **: result1 not found


(fbpanel:20724): librsvg-WARNING **: result1 not found


(fbpanel:20958): librsvg-WARNING **: result1 not found


(fbpanel:20958): librsvg-WARNING **: result1 not found


(fbpanel:20958): librsvg-WARNING **: result1 not found


(fbpanel:20958): librsvg-WARNING **: result1 not found


(fbpanel:20958): librsvg-WARNING **: result1 not found


(fbpanel:20958): librsvg-WARNING **: result1 not found


(fbpanel:20958): librsvg-WARNING **: result1 not found


(fbpanel:20958): librsvg-WARNING **: result1 not found


(fbpanel:20958): librsvg-WARNING **: result1 not found


(fbpanel:20958): librsvg-WARNING **: result1 not found


(fbpanel:20958): librsvg-WARNING **: result1 not found


(fbpanel:20958): librsvg-WARNING **: result1 not found


(fbpanel:20958): librsvg-WARNING **: result1 not found


(fbpanel:20958): librsvg-WARNING **: result1 not found


(fbpanel:20958): librsvg-WARNING **: result1 not found


(fbpanel:21109): librsvg-WARNING **: result1 not found


(fbpanel:21109): librsvg-WARNING **: result1 not found


(fbpanel:21109): librsvg-WARNING **: result1 not found


(fbpanel:21109): librsvg-WARNING **: result1 not found


(fbpanel:21109): librsvg-WARNING **: result1 not found


(fbpanel:21109): librsvg-WARNING **: result1 not found


(fbpanel:21109): librsvg-WARNING **: result1 not found


(fbpanel:21109): librsvg-WARNING **: result1 not found


(fbpanel:21109): librsvg-WARNING **: result1 not found


(fbpanel:21109): librsvg-WARNING **: result1 not found


(fbpanel:21109): librsvg-WARNING **: result1 not found


(fbpanel:21109): librsvg-WARNING **: result1 not found


(fbpanel:21109): librsvg-WARNING **: result1 not found


(fbpanel:21109): librsvg-WARNING **: result1 not found


(fbpanel:21109): librsvg-WARNING **: result1 not found


(fbpanel:21302): librsvg-WARNING **: result1 not found


(fbpanel:21302): librsvg-WARNING **: result1 not found


(fbpanel:21302): librsvg-WARNING **: result1 not found


(fbpanel:21302): librsvg-WARNING **: result1 not found


(fbpanel:21302): librsvg-WARNING **: result1 not found


(fbpanel:21302): librsvg-WARNING **: result1 not found


(fbpanel:21302): librsvg-WARNING **: result1 not found


(fbpanel:21302): librsvg-WARNING **: result1 not found


(fbpanel:21302): librsvg-WARNING **: result1 not found


(fbpanel:21302): librsvg-WARNING **: result1 not found


(fbpanel:21302): librsvg-WARNING **: result1 not found


(fbpanel:21302): librsvg-WARNING **: result1 not found


(fbpanel:21302): librsvg-WARNING **: result1 not found


(fbpanel:21302): librsvg-WARNING **: result1 not found


(fbpanel:21302): librsvg-WARNING **: result1 not found


(fbpanel:21436): librsvg-WARNING **: result1 not found


(fbpanel:21436): librsvg-WARNING **: result1 not found


(fbpanel:21436): librsvg-WARNING **: result1 not found


(fbpanel:21436): librsvg-WARNING **: result1 not found


(fbpanel:21436): librsvg-WARNING **: result1 not found


(fbpanel:21436): librsvg-WARNING **: result1 not found


(fbpanel:21436): librsvg-WARNING **: result1 not found


(fbpanel:21436): librsvg-WARNING **: result1 not found


(fbpanel:21436): librsvg-WARNING **: result1 not found


(fbpanel:21436): librsvg-WARNING **: result1 not found


(fbpanel:21436): librsvg-WARNING **: result1 not found


(fbpanel:21436): librsvg-WARNING **: result1 not found


(fbpanel:21436): librsvg-WARNING **: result1 not found


(fbpanel:21436): librsvg-WARNING **: result1 not found


(fbpanel:21436): librsvg-WARNING **: result1 not found


(fbpanel:21583): librsvg-WARNING **: result1 not found


(fbpanel:21583): librsvg-WARNING **: result1 not found


(fbpanel:21583): librsvg-WARNING **: result1 not found


(fbpanel:21583): librsvg-WARNING **: result1 not found


(fbpanel:21583): librsvg-WARNING **: result1 not found


(fbpanel:21583): librsvg-WARNING **: result1 not found


(fbpanel:21583): librsvg-WARNING **: result1 not found


(fbpanel:21583): librsvg-WARNING **: result1 not found


(fbpanel:21583): librsvg-WARNING **: result1 not found


(fbpanel:21583): librsvg-WARNING **: result1 not found


(fbpanel:21583): librsvg-WARNING **: result1 not found


(fbpanel:21583): librsvg-WARNING **: result1 not found


(fbpanel:21583): librsvg-WARNING **: result1 not found


(fbpanel:21583): librsvg-WARNING **: result1 not found


(fbpanel:21583): librsvg-WARNING **: result1 not found


(fbpanel:21658): librsvg-WARNING **: result1 not found


(fbpanel:21658): librsvg-WARNING **: result1 not found


(fbpanel:21658): librsvg-WARNING **: result1 not found


(fbpanel:21658): librsvg-WARNING **: result1 not found


(fbpanel:21658): librsvg-WARNING **: result1 not found


(fbpanel:21658): librsvg-WARNING **: result1 not found


(fbpanel:21658): librsvg-WARNING **: result1 not found


(fbpanel:21658): librsvg-WARNING **: result1 not found


(fbpanel:21658): librsvg-WARNING **: result1 not found


(fbpanel:21658): librsvg-WARNING **: result1 not found


(fbpanel:21658): librsvg-WARNING **: result1 not found


(fbpanel:21658): librsvg-WARNING **: result1 not found


(fbpanel:21658): librsvg-WARNING **: result1 not found


(fbpanel:21658): librsvg-WARNING **: result1 not found


(fbpanel:21658): librsvg-WARNING **: result1 not found


(fbpanel:21728): librsvg-WARNING **: result1 not found


(fbpanel:21728): librsvg-WARNING **: result1 not found


(fbpanel:21728): librsvg-WARNING **: result1 not found


(fbpanel:21728): librsvg-WARNING **: result1 not found


(fbpanel:21728): librsvg-WARNING **: result1 not found


(fbpanel:21728): librsvg-WARNING **: result1 not found


(fbpanel:21728): librsvg-WARNING **: result1 not found


(fbpanel:21728): librsvg-WARNING **: result1 not found


(fbpanel:21728): librsvg-WARNING **: result1 not found


(fbpanel:21728): librsvg-WARNING **: result1 not found


(fbpanel:21728): librsvg-WARNING **: result1 not found


(fbpanel:21728): librsvg-WARNING **: result1 not found


(fbpanel:21728): librsvg-WARNING **: result1 not found


(fbpanel:21728): librsvg-WARNING **: result1 not found


(fbpanel:21728): librsvg-WARNING **: result1 not found


(fbpanel:21830): librsvg-WARNING **: result1 not found


(fbpanel:21830): librsvg-WARNING **: result1 not found


(fbpanel:21830): librsvg-WARNING **: result1 not found


(fbpanel:21830): librsvg-WARNING **: result1 not found


(fbpanel:21830): librsvg-WARNING **: result1 not found


(fbpanel:21830): librsvg-WARNING **: result1 not found


(fbpanel:21830): librsvg-WARNING **: result1 not found


(fbpanel:21830): librsvg-WARNING **: result1 not found


(fbpanel:21830): librsvg-WARNING **: result1 not found


(fbpanel:21830): librsvg-WARNING **: result1 not found


(fbpanel:21830): librsvg-WARNING **: result1 not found


(fbpanel:21830): librsvg-WARNING **: result1 not found


(fbpanel:21830): librsvg-WARNING **: result1 not found


(fbpanel:21830): librsvg-WARNING **: result1 not found


(fbpanel:21830): librsvg-WARNING **: result1 not found


(fbpanel:2061): librsvg-WARNING **: result1 not found


(fbpanel:2061): librsvg-WARNING **: result1 not found


(fbpanel:2061): librsvg-WARNING **: result1 not found


(fbpanel:2061): librsvg-WARNING **: result1 not found


(fbpanel:2061): librsvg-WARNING **: result1 not found


(fbpanel:2061): librsvg-WARNING **: result1 not found


(fbpanel:2061): librsvg-WARNING **: result1 not found


(fbpanel:2061): librsvg-WARNING **: result1 not found


(fbpanel:2061): librsvg-WARNING **: result1 not found


(fbpanel:2061): librsvg-WARNING **: result1 not found


(fbpanel:2061): librsvg-WARNING **: result1 not found


(fbpanel:2061): librsvg-WARNING **: result1 not found


(fbpanel:2061): librsvg-WARNING **: result1 not found


(fbpanel:2061): librsvg-WARNING **: result1 not found


(fbpanel:2061): librsvg-WARNING **: result1 not found


(fbpanel:2227): librsvg-WARNING **: result1 not found


(fbpanel:2227): librsvg-WARNING **: result1 not found


(fbpanel:2227): librsvg-WARNING **: result1 not found


(fbpanel:2227): librsvg-WARNING **: result1 not found


(fbpanel:2227): librsvg-WARNING **: result1 not found


(fbpanel:2227): librsvg-WARNING **: result1 not found


(fbpanel:2227): librsvg-WARNING **: result1 not found


(fbpanel:2227): librsvg-WARNING **: result1 not found


(fbpanel:2227): librsvg-WARNING **: result1 not found


(fbpanel:2227): librsvg-WARNING **: result1 not found


(fbpanel:2227): librsvg-WARNING **: result1 not found


(fbpanel:2227): librsvg-WARNING **: result1 not found


(fbpanel:2227): librsvg-WARNING **: result1 not found


(fbpanel:2227): librsvg-WARNING **: result1 not found


(fbpanel:2227): librsvg-WARNING **: result1 not found


(fbpanel:5954): librsvg-WARNING **: result1 not found


(fbpanel:5954): librsvg-WARNING **: result1 not found


(fbpanel:5954): librsvg-WARNING **: result1 not found


(fbpanel:5954): librsvg-WARNING **: result1 not found


(fbpanel:5954): librsvg-WARNING **: result1 not found


(fbpanel:5954): librsvg-WARNING **: result1 not found


(fbpanel:5954): librsvg-WARNING **: result1 not found


(fbpanel:5954): librsvg-WARNING **: result1 not found


(fbpanel:5954): librsvg-WARNING **: result1 not found


(fbpanel:5954): librsvg-WARNING **: result1 not found


(fbpanel:5954): librsvg-WARNING **: result1 not found


(fbpanel:5954): librsvg-WARNING **: result1 not found


(fbpanel:5954): librsvg-WARNING **: result1 not found


(fbpanel:5954): librsvg-WARNING **: result1 not found


(fbpanel:5954): librsvg-WARNING **: result1 not found


(fbpanel:8822): librsvg-WARNING **: result1 not found


(fbpanel:8822): librsvg-WARNING **: result1 not found


(fbpanel:8822): librsvg-WARNING **: result1 not found


(fbpanel:8822): librsvg-WARNING **: result1 not found


(fbpanel:8822): librsvg-WARNING **: result1 not found


(fbpanel:8822): librsvg-WARNING **: result1 not found


(fbpanel:8822): librsvg-WARNING **: result1 not found


(fbpanel:8822): librsvg-WARNING **: result1 not found


(fbpanel:8822): librsvg-WARNING **: result1 not found


(fbpanel:8822): librsvg-WARNING **: result1 not found


(fbpanel:8822): librsvg-WARNING **: result1 not found


(fbpanel:8822): librsvg-WARNING **: result1 not found


(fbpanel:8822): librsvg-WARNING **: result1 not found


(fbpanel:8822): librsvg-WARNING **: result1 not found


(fbpanel:8822): librsvg-WARNING **: result1 not found


(fbpanel:538): librsvg-WARNING **: result1 not found


(fbpanel:538): librsvg-WARNING **: result1 not found


(fbpanel:538): librsvg-WARNING **: result1 not found


(fbpanel:538): librsvg-WARNING **: result1 not found


(fbpanel:538): librsvg-WARNING **: result1 not found


(fbpanel:538): librsvg-WARNING **: result1 not found


(fbpanel:538): librsvg-WARNING **: result1 not found


(fbpanel:538): librsvg-WARNING **: result1 not found


(fbpanel:538): librsvg-WARNING **: result1 not found


(fbpanel:538): librsvg-WARNING **: result1 not found


(fbpanel:538): librsvg-WARNING **: result1 not found


(fbpanel:538): librsvg-WARNING **: result1 not found


(fbpanel:538): librsvg-WARNING **: result1 not found


(fbpanel:538): librsvg-WARNING **: result1 not found


(fbpanel:538): librsvg-WARNING **: result1 not found

